# JRE version: OpenJDK Runtime Environment Corretto-17.0.10.7.1 (17.0.10+7) (build 17.0.10+7-LTS)
# Java VM: OpenJDK 64-Bit Server VM Corretto-17.0.10.7.1 (17.0.10+7-LTS, mixed mode, sharing, tiered, compressed oops, compressed class ptrs, g1 gc, bsd-aarch64)
GC Precious Log:
 CPUs: 10 total, 10 available
 Memory: 32768M
 Large Page Support: Disabled
 NUMA Support: Disabled
 Compressed Oops: Enabled (Zero based)
 Heap Region Size: 4M
 Heap Min Capacity: 8M
 Heap Initial Capacity: 512M
 Heap Max Capacity: 8G
 Pre-touch: Disabled
 Parallel Workers: 9
 Concurrent Workers: 2
 Concurrent Refinement Workers: 9
 Periodic GC: Disabled
Heap:
 garbage-first heap   total 122880K, used 48866K [0x0000000600000000, 0x0000000800000000)
  region size 4096K, 8 young (32768K), 0 survivors (0K)
 Metaspace       used 42454K, committed 43072K, reserved 1114112K
  class space    used 4393K, committed 4672K, reserved 1048576K
GC Heap History (20 events):
Event: 0.665 GC heap before
{Heap before GC invocations=1 (full 0):
 garbage-first heap   total 532480K, used 35303K [0x0000000600000000, 0x0000000800000000)
  region size 4096K, 8 young (32768K), 1 survivors (4096K)
 Metaspace       used 17223K, committed 17536K, reserved 1114112K
  class space    used 1794K, committed 1920K, reserved 1048576K
}
Event: 0.667 GC heap after
{Heap after GC invocations=2 (full 0):
 garbage-first heap   total 532480K, used 7895K [0x0000000600000000, 0x0000000800000000)
  region size 4096K, 1 young (4096K), 1 survivors (4096K)
 Metaspace       used 17223K, committed 17536K, reserved 1114112K
  class space    used 1794K, committed 1920K, reserved 1048576K
}
Event: 0.790 GC heap before
{Heap before GC invocations=2 (full 0):
 garbage-first heap   total 532480K, used 24279K [0x0000000600000000, 0x0000000800000000)
  region size 4096K, 6 young (24576K), 1 survivors (4096K)
 Metaspace       used 21196K, committed 21504K, reserved 1114112K
  class space    used 2226K, committed 2368K, reserved 1048576K
}
Event: 0.791 GC heap after
{Heap after GC invocations=3 (full 0):
 garbage-first heap   total 532480K, used 8548K [0x0000000600000000, 0x0000000800000000)
  region size 4096K, 1 young (4096K), 1 survivors (4096K)
 Metaspace       used 21196K, committed 21504K, reserved 1114112K
  class space    used 2226K, committed 2368K, reserved 1048576K
}
Event: 1.113 GC heap before
{Heap before GC invocations=4 (full 0):
 garbage-first heap   total 69632K, used 49508K [0x0000000600000000, 0x0000000800000000)
  region size 4096K, 11 young (45056K), 1 survivors (4096K)
 Metaspace       used 30839K, committed 31360K, reserved 1114112K
  class space    used 3312K, committed 3520K, reserved 1048576K
}
Event: 1.116 GC heap after
{Heap after GC invocations=5 (full 0):
 garbage-first heap   total 69632K, used 11390K [0x0000000600000000, 0x0000000800000000)
  region size 4096K, 2 young (8192K), 2 survivors (8192K)
 Metaspace       used 30839K, committed 31360K, reserved 1114112K
  class space    used 3312K, committed 3520K, reserved 1048576K
}
Event: 1.134 GC heap before
{Heap before GC invocations=5 (full 0):
 garbage-first heap   total 69632K, used 15486K [0x0000000600000000, 0x0000000800000000)
  region size 4096K, 3 young (12288K), 2 survivors (8192K)
 Metaspace       used 31116K, committed 31552K, reserved 1114112K
  class space    used 3334K, committed 3520K, reserved 1048576K
}
Event: 1.137 GC heap after
{Heap after GC invocations=6 (full 0):
 garbage-first heap   total 69632K, used 12763K [0x0000000600000000, 0x0000000800000000)
  region size 4096K, 1 young (4096K), 1 survivors (4096K)
 Metaspace       used 31116K, committed 31552K, reserved 1114112K
  class space    used 3334K, committed 3520K, reserved 1048576K
}
Event: 2.555 GC heap before
{Heap before GC invocations=6 (full 0):
 garbage-first heap   total 69632K, used 16859K [0x0000000600000000, 0x0000000800000000)
  region size 4096K, 4 young (16384K), 1 survivors (4096K)
 Metaspace       used 35644K, committed 36160K, reserved 1114112K
  class space    used 3800K, committed 4032K, reserved 1048576K
}
Event: 2.556 GC heap after
{Heap after GC invocations=7 (full 0):
 garbage-first heap   total 69632K, used 13473K [0x0000000600000000, 0x0000000800000000)
  region size 4096K, 1 young (4096K), 1 survivors (4096K)
 Metaspace       used 35644K, committed 36160K, reserved 1114112K
  class space    used 3800K, committed 4032K, reserved 1048576K
}
Event: 3.263 GC heap before
{Heap before GC invocations=8 (full 0):
 garbage-first heap   total 69632K, used 38049K [0x0000000600000000, 0x0000000800000000)
  region size 4096K, 8 young (32768K), 1 survivors (4096K)
 Metaspace       used 36092K, committed 36544K, reserved 1114112K
  class space    used 3846K, committed 4032K, reserved 1048576K
}
Event: 3.264 GC heap after
{Heap after GC invocations=9 (full 0):
 garbage-first heap   total 69632K, used 15537K [0x0000000600000000, 0x0000000800000000)
  region size 4096K, 1 young (4096K), 1 survivors (4096K)
 Metaspace       used 36092K, committed 36544K, reserved 1114112K
  class space    used 3846K, committed 4032K, reserved 1048576K
}
Event: 3.295 GC heap before
{Heap before GC invocations=9 (full 0):
 garbage-first heap   total 69632K, used 44209K [0x0000000600000000, 0x0000000800000000)
  region size 4096K, 8 young (32768K), 1 survivors (4096K)
 Metaspace       used 36092K, committed 36544K, reserved 1114112K
  class space    used 3846K, committed 4032K, reserved 1048576K
}
Event: 3.296 GC heap after
{Heap after GC invocations=10 (full 0):
 garbage-first heap   total 69632K, used 16267K [0x0000000600000000, 0x0000000800000000)
  region size 4096K, 1 young (4096K), 1 survivors (4096K)
 Metaspace       used 36092K, committed 36544K, reserved 1114112K
  class space    used 3846K, committed 4032K, reserved 1048576K
}
Event: 5.457 GC heap before
{Heap before GC invocations=10 (full 0):
 garbage-first heap   total 69632K, used 44939K [0x0000000600000000, 0x0000000800000000)
  region size 4096K, 7 young (28672K), 1 survivors (4096K)
 Metaspace       used 36816K, committed 37312K, reserved 1114112K
  class space    used 3863K, committed 4096K, reserved 1048576K
}
Event: 5.458 GC heap after
{Heap after GC invocations=11 (full 0):
 garbage-first heap   total 299008K, used 20920K [0x0000000600000000, 0x0000000800000000)
  region size 4096K, 1 young (4096K), 1 survivors (4096K)
 Metaspace       used 36816K, committed 37312K, reserved 1114112K
  class space    used 3863K, committed 4096K, reserved 1048576K
}
Event: 30.036 GC heap before
{Heap before GC invocations=11 (full 0):
 garbage-first heap   total 299008K, used 192952K [0x0000000600000000, 0x0000000800000000)
  region size 4096K, 43 young (176128K), 1 survivors (4096K)
 Metaspace       used 41867K, committed 42496K, reserved 1114112K
  class space    used 4354K, committed 4672K, reserved 1048576K
}
Event: 30.039 GC heap after
{Heap after GC invocations=12 (full 0):
 garbage-first heap   total 299008K, used 24895K [0x0000000600000000, 0x0000000800000000)
  region size 4096K, 2 young (8192K), 2 survivors (8192K)
 Metaspace       used 41867K, committed 42496K, reserved 1114112K
  class space    used 4354K, committed 4672K, reserved 1048576K
}
Event: 30.477 GC heap before
{Heap before GC invocations=12 (full 0):
 garbage-first heap   total 299008K, used 28991K [0x0000000600000000, 0x0000000800000000)
  region size 4096K, 4 young (16384K), 2 survivors (8192K)
 Metaspace       used 41886K, committed 42560K, reserved 1114112K
  class space    used 4354K, committed 4672K, reserved 1048576K
}
Event: 30.491 GC heap after
{Heap after GC invocations=13 (full 1):
 garbage-first heap   total 122880K, used 20194K [0x0000000600000000, 0x0000000800000000)
  region size 4096K, 0 young (0K), 0 survivors (0K)
 Metaspace       used 41886K, committed 42560K, reserved 1114112K
  class space    used 4354K, committed 4672K, reserved 1048576K
}

